2025-11-27 17:54:32,647 - root - INFO - 日志系统初始化完成，日志文件路径: d:\Rescue_Rebot\rescue_vision\src\logs\rescue_vision_20251127.log
2025-11-27 17:54:32,648 - root - INFO - 日志级别: INFO
2025-11-27 17:54:32,649 - root - INFO - 日志系统初始化完成，日志文件路径: d:\Rescue_Rebot\rescue_vision\src\logs\rescue_vision_20251127.log
2025-11-27 17:54:32,650 - root - INFO - 日志级别: INFO
2025-11-27 17:54:33,864 - __main__ - INFO - 成功打开摄像头，分辨率: 640x480
2025-11-27 17:54:33,864 - __main__ - INFO - 开始调整黄色小球(危险球)阈值
2025-11-27 17:54:34,106 - __main__ - INFO - 未找到黄色小球(危险球)保存的阈值配置，使用默认值
2025-11-27 17:54:35,587 - __main__ - INFO - 视频处理FPS: 6.76
2025-11-27 17:54:36,055 - __main__ - INFO - 视频处理FPS: 21.37
2025-11-27 17:54:36,425 - __main__ - INFO - 视频处理FPS: 26.97
2025-11-27 17:54:36,784 - __main__ - INFO - 视频处理FPS: 27.88
2025-11-27 17:54:37,348 - __main__ - INFO - 视频处理FPS: 17.72
2025-11-27 17:54:37,944 - __main__ - INFO - 视频处理FPS: 16.80
2025-11-27 17:54:38,540 - __main__ - INFO - 视频处理FPS: 16.78
2025-11-27 17:54:39,148 - __main__ - INFO - 视频处理FPS: 16.44
2025-11-27 17:54:39,684 - __main__ - INFO - 视频处理FPS: 18.66
2025-11-27 17:54:40,095 - __main__ - INFO - 视频处理FPS: 24.35
2025-11-27 17:54:40,401 - __main__ - INFO - 视频处理FPS: 32.65
2025-11-27 17:54:40,755 - __main__ - INFO - 视频处理FPS: 28.26
2025-11-27 17:54:41,077 - __main__ - INFO - 视频处理FPS: 31.08
2025-11-27 17:54:41,396 - __main__ - INFO - 视频处理FPS: 31.32
2025-11-27 17:54:41,739 - __main__ - INFO - 视频处理FPS: 29.15
2025-11-27 17:54:42,054 - __main__ - INFO - 视频处理FPS: 31.71
2025-11-27 17:54:42,417 - __main__ - INFO - 视频处理FPS: 27.58
2025-11-27 17:54:42,753 - __main__ - INFO - 视频处理FPS: 29.74
2025-11-27 17:54:43,058 - __main__ - INFO - 视频处理FPS: 32.79
2025-11-27 17:54:43,394 - __main__ - INFO - 视频处理FPS: 29.74
2025-11-27 17:54:43,751 - __main__ - INFO - 视频处理FPS: 28.04
2025-11-27 17:54:44,083 - __main__ - INFO - 视频处理FPS: 30.10
2025-11-27 17:54:44,420 - __main__ - INFO - 视频处理FPS: 29.66
2025-11-27 17:54:44,754 - __main__ - INFO - 视频处理FPS: 29.97
2025-11-27 17:54:45,060 - __main__ - INFO - 视频处理FPS: 32.70
2025-11-27 17:54:45,413 - __main__ - INFO - 视频处理FPS: 28.30
2025-11-27 17:54:45,746 - __main__ - INFO - 视频处理FPS: 29.99
2025-11-27 17:54:46,082 - __main__ - INFO - 视频处理FPS: 29.79
2025-11-27 17:54:46,419 - __main__ - INFO - 视频处理FPS: 29.69
2025-11-27 17:54:46,754 - __main__ - INFO - 视频处理FPS: 29.80
2025-11-27 17:54:47,076 - __main__ - INFO - 视频处理FPS: 31.11
2025-11-27 17:54:47,413 - __main__ - INFO - 视频处理FPS: 29.67
2025-11-27 17:54:47,748 - __main__ - INFO - 视频处理FPS: 29.83
2025-11-27 17:54:48,085 - __main__ - INFO - 视频处理FPS: 29.72
2025-11-27 17:54:49,410 - __main__ - INFO - 视频处理FPS: 7.54
2025-11-27 17:54:49,746 - __main__ - INFO - 视频处理FPS: 29.79
2025-11-27 17:54:50,067 - __main__ - INFO - 视频处理FPS: 31.18
2025-11-27 17:54:50,402 - __main__ - INFO - 视频处理FPS: 29.81
2025-11-27 17:54:50,740 - __main__ - INFO - 视频处理FPS: 29.60
2025-11-27 17:54:51,083 - __main__ - INFO - 视频处理FPS: 29.17
2025-11-27 17:54:51,424 - __main__ - INFO - 视频处理FPS: 29.28
2025-11-27 17:54:51,744 - __main__ - INFO - 视频处理FPS: 31.29
2025-11-27 17:54:52,081 - __main__ - INFO - 视频处理FPS: 29.69
2025-11-27 17:54:52,417 - __main__ - INFO - 视频处理FPS: 29.77
2025-11-27 17:54:52,755 - __main__ - INFO - 视频处理FPS: 29.60
2025-11-27 17:54:53,102 - __main__ - INFO - 视频处理FPS: 28.79
2025-11-27 17:54:53,438 - __main__ - INFO - 视频处理FPS: 29.78
2025-11-27 17:54:53,744 - __main__ - INFO - 视频处理FPS: 32.59
2025-11-27 17:54:54,098 - __main__ - INFO - 视频处理FPS: 28.26
2025-11-27 17:54:54,431 - __main__ - INFO - 视频处理FPS: 30.01
2025-11-27 17:54:54,766 - __main__ - INFO - 视频处理FPS: 29.92
2025-11-27 17:54:55,090 - __main__ - INFO - 视频处理FPS: 30.79
2025-11-27 17:54:55,425 - __main__ - INFO - 视频处理FPS: 29.87
2025-11-27 17:54:55,761 - __main__ - INFO - 视频处理FPS: 29.76
2025-11-27 17:54:56,097 - __main__ - INFO - 视频处理FPS: 29.78
2025-11-27 17:54:56,434 - __main__ - INFO - 视频处理FPS: 29.65
2025-11-27 17:54:56,772 - __main__ - INFO - 视频处理FPS: 29.60
2025-11-27 17:54:57,091 - __main__ - INFO - 视频处理FPS: 31.33
2025-11-27 17:54:57,427 - __main__ - INFO - 视频处理FPS: 29.76
2025-11-27 17:54:57,758 - __main__ - INFO - 视频处理FPS: 30.21
2025-11-27 17:54:58,097 - __main__ - INFO - 视频处理FPS: 29.52
2025-11-27 17:54:58,435 - __main__ - INFO - 视频处理FPS: 29.59
2025-11-27 17:54:58,766 - __main__ - INFO - 视频处理FPS: 30.17
2025-11-27 17:54:59,089 - __main__ - INFO - 视频处理FPS: 31.03
2025-11-27 17:54:59,425 - __main__ - INFO - 视频处理FPS: 29.72
2025-11-27 17:54:59,763 - __main__ - INFO - 视频处理FPS: 29.59
2025-11-27 17:55:00,100 - __main__ - INFO - 视频处理FPS: 29.66
2025-11-27 17:55:00,436 - __main__ - INFO - 视频处理FPS: 29.75
2025-11-27 17:55:00,768 - __main__ - INFO - 视频处理FPS: 30.14
2025-11-27 17:55:01,122 - __main__ - INFO - 视频处理FPS: 28.29
2025-11-27 17:55:01,407 - __main__ - INFO - 视频处理FPS: 35.07
2025-11-27 17:55:01,760 - __main__ - INFO - 视频处理FPS: 28.31
2025-11-27 17:55:02,108 - __main__ - INFO - 视频处理FPS: 28.77
2025-11-27 17:55:02,431 - __main__ - INFO - 视频处理FPS: 30.93
2025-11-27 17:55:02,754 - __main__ - INFO - 视频处理FPS: 30.93
2025-11-27 17:55:03,091 - __main__ - INFO - 视频处理FPS: 29.68
2025-11-27 17:55:03,426 - __main__ - INFO - 视频处理FPS: 29.90
2025-11-27 17:55:03,760 - __main__ - INFO - 视频处理FPS: 29.92
2025-11-27 17:55:04,097 - __main__ - INFO - 视频处理FPS: 29.65
2025-11-27 17:55:04,430 - __main__ - INFO - 视频处理FPS: 30.04
2025-11-27 17:55:04,765 - __main__ - INFO - 视频处理FPS: 29.83
2025-11-27 17:55:05,089 - __main__ - INFO - 视频处理FPS: 30.86
2025-11-27 17:55:05,420 - __main__ - INFO - 视频处理FPS: 30.20
2025-11-27 17:55:05,779 - __main__ - INFO - 视频处理FPS: 27.85
2025-11-27 17:55:06,110 - __main__ - INFO - 视频处理FPS: 30.28
2025-11-27 17:55:06,413 - __main__ - INFO - 视频处理FPS: 32.98
2025-11-27 17:55:06,752 - __main__ - INFO - 视频处理FPS: 29.50
2025-11-27 17:55:07,090 - __main__ - INFO - 视频处理FPS: 29.63
2025-11-27 17:55:07,436 - __main__ - INFO - 视频处理FPS: 28.88
2025-11-27 17:55:07,760 - __main__ - INFO - 视频处理FPS: 30.81
2025-11-27 17:55:08,097 - __main__ - INFO - 视频处理FPS: 29.72
2025-11-27 17:55:08,440 - __main__ - INFO - 视频处理FPS: 29.18
2025-11-27 17:55:08,770 - __main__ - INFO - 视频处理FPS: 30.22
2025-11-27 17:55:09,089 - __main__ - INFO - 视频处理FPS: 31.38
2025-11-27 17:55:09,432 - __main__ - INFO - 视频处理FPS: 29.19
2025-11-27 17:55:09,755 - __main__ - INFO - 视频处理FPS: 30.90
2025-11-27 17:55:10,101 - __main__ - INFO - 视频处理FPS: 28.98
2025-11-27 17:55:10,439 - __main__ - INFO - 视频处理FPS: 29.59
2025-11-27 17:55:10,772 - __main__ - INFO - 视频处理FPS: 29.95
2025-11-27 17:55:11,089 - __main__ - INFO - 视频处理FPS: 31.56
2025-11-27 17:55:11,425 - __main__ - INFO - 视频处理FPS: 29.77
2025-11-27 17:55:11,754 - __main__ - INFO - 视频处理FPS: 30.44
2025-11-27 17:55:12,097 - __main__ - INFO - 视频处理FPS: 29.08
2025-11-27 17:55:12,441 - __main__ - INFO - 视频处理FPS: 29.07
2025-11-27 17:55:12,763 - __main__ - INFO - 视频处理FPS: 31.10
2025-11-27 17:55:13,089 - __main__ - INFO - 视频处理FPS: 30.64
2025-11-27 17:55:13,426 - __main__ - INFO - 视频处理FPS: 29.71
2025-11-27 17:55:13,763 - __main__ - INFO - 视频处理FPS: 29.71
2025-11-27 17:55:14,096 - __main__ - INFO - 视频处理FPS: 30.00
2025-11-27 17:55:14,433 - __main__ - INFO - 视频处理FPS: 29.70
2025-11-27 17:55:14,768 - __main__ - INFO - 视频处理FPS: 29.78
2025-11-27 17:55:15,090 - __main__ - INFO - 视频处理FPS: 31.13
2025-11-27 17:55:15,430 - __main__ - INFO - 视频处理FPS: 29.40
2025-11-27 17:55:15,759 - __main__ - INFO - 视频处理FPS: 30.42
2025-11-27 17:55:16,092 - __main__ - INFO - 视频处理FPS: 30.03
2025-11-27 17:55:16,430 - __main__ - INFO - 视频处理FPS: 29.58
2025-11-27 17:55:16,766 - __main__ - INFO - 视频处理FPS: 29.69
2025-11-27 17:55:17,090 - __main__ - INFO - 视频处理FPS: 30.94
2025-11-27 17:55:17,430 - __main__ - INFO - 视频处理FPS: 29.34
2025-11-27 17:55:17,756 - __main__ - INFO - 视频处理FPS: 30.75
2025-11-27 17:55:18,095 - __main__ - INFO - 视频处理FPS: 29.47
2025-11-27 17:55:18,433 - __main__ - INFO - 视频处理FPS: 29.54
2025-11-27 17:55:18,782 - __main__ - INFO - 视频处理FPS: 28.69
2025-11-27 17:55:19,072 - __main__ - INFO - 视频处理FPS: 34.52
2025-11-27 17:55:19,419 - __main__ - INFO - 视频处理FPS: 28.83
2025-11-27 17:55:19,760 - __main__ - INFO - 视频处理FPS: 29.32
2025-11-27 17:55:20,094 - __main__ - INFO - 视频处理FPS: 29.89
2025-11-27 17:55:20,430 - __main__ - INFO - 视频处理FPS: 29.80
2025-11-27 17:55:20,763 - __main__ - INFO - 视频处理FPS: 29.99
2025-11-27 17:55:21,089 - __main__ - INFO - 视频处理FPS: 30.70
2025-11-27 17:55:21,423 - __main__ - INFO - 视频处理FPS: 29.91
2025-11-27 17:55:21,759 - __main__ - INFO - 视频处理FPS: 29.74
2025-11-27 17:55:22,098 - __main__ - INFO - 视频处理FPS: 29.54
2025-11-27 17:55:22,433 - __main__ - INFO - 视频处理FPS: 29.84
2025-11-27 17:55:22,767 - __main__ - INFO - 视频处理FPS: 29.98
2025-11-27 17:55:23,086 - __main__ - INFO - 视频处理FPS: 31.29
2025-11-27 17:55:23,423 - __main__ - INFO - 视频处理FPS: 29.68
2025-11-27 17:55:23,761 - __main__ - INFO - 视频处理FPS: 29.64
2025-11-27 17:55:24,097 - __main__ - INFO - 视频处理FPS: 29.71
2025-11-27 17:55:24,432 - __main__ - INFO - 视频处理FPS: 29.88
2025-11-27 17:55:24,767 - __main__ - INFO - 视频处理FPS: 29.88
2025-11-27 17:55:25,087 - __main__ - INFO - 视频处理FPS: 31.25
2025-11-27 17:55:25,422 - __main__ - INFO - 视频处理FPS: 29.79
2025-11-27 17:55:25,759 - __main__ - INFO - 视频处理FPS: 29.73
2025-11-27 17:55:26,096 - __main__ - INFO - 视频处理FPS: 29.62
2025-11-27 17:55:26,433 - __main__ - INFO - 视频处理FPS: 29.73
2025-11-27 17:55:26,768 - __main__ - INFO - 视频处理FPS: 29.81
2025-11-27 17:55:27,087 - __main__ - INFO - 视频处理FPS: 31.33
2025-11-27 17:55:27,432 - __main__ - INFO - 视频处理FPS: 29.04
2025-11-27 17:55:27,761 - __main__ - INFO - 视频处理FPS: 30.38
2025-11-27 17:55:28,099 - __main__ - INFO - 视频处理FPS: 29.54
2025-11-27 17:55:28,433 - __main__ - INFO - 视频处理FPS: 29.94
2025-11-27 17:55:28,771 - __main__ - INFO - 视频处理FPS: 29.64
2025-11-27 17:55:29,106 - __main__ - INFO - 视频处理FPS: 29.78
2025-11-27 17:55:29,455 - __main__ - INFO - 视频处理FPS: 28.70
2025-11-27 17:55:29,742 - __main__ - INFO - 视频处理FPS: 34.78
2025-11-27 17:55:30,095 - __main__ - INFO - 视频处理FPS: 28.32
2025-11-27 17:55:30,419 - __main__ - INFO - 视频处理FPS: 30.87
2025-11-27 17:55:30,751 - __main__ - INFO - 视频处理FPS: 30.12
2025-11-27 17:55:31,091 - __main__ - INFO - 视频处理FPS: 29.40
2025-11-27 17:55:31,422 - __main__ - INFO - 视频处理FPS: 30.22
2025-11-27 17:55:31,759 - __main__ - INFO - 视频处理FPS: 29.72
2025-11-27 17:55:32,096 - __main__ - INFO - 视频处理FPS: 29.66
2025-11-27 17:55:32,416 - __main__ - INFO - 视频处理FPS: 31.27
2025-11-27 17:55:32,754 - __main__ - INFO - 视频处理FPS: 29.59
2025-11-27 17:55:33,090 - __main__ - INFO - 视频处理FPS: 29.76
2025-11-27 17:55:33,427 - __main__ - INFO - 视频处理FPS: 29.60
2025-11-27 17:55:33,763 - __main__ - INFO - 视频处理FPS: 29.80
2025-11-27 17:55:34,096 - __main__ - INFO - 视频处理FPS: 30.00
2025-11-27 17:55:34,413 - __main__ - INFO - 视频处理FPS: 31.61
2025-11-27 17:55:34,757 - __main__ - INFO - 视频处理FPS: 29.04
2025-11-27 17:55:35,088 - __main__ - INFO - 视频处理FPS: 30.22
2025-11-27 17:55:35,419 - __main__ - INFO - 视频处理FPS: 30.21
2025-11-27 17:55:35,759 - __main__ - INFO - 视频处理FPS: 29.39
2025-11-27 17:55:36,091 - __main__ - INFO - 视频处理FPS: 30.12
2025-11-27 17:55:36,415 - __main__ - INFO - 视频处理FPS: 30.86
2025-11-27 17:55:36,752 - __main__ - INFO - 视频处理FPS: 29.69
2025-11-27 17:55:37,090 - __main__ - INFO - 视频处理FPS: 29.57
2025-11-27 17:55:37,424 - __main__ - INFO - 视频处理FPS: 30.00
2025-11-27 17:55:37,763 - __main__ - INFO - 视频处理FPS: 29.43
2025-11-27 17:55:38,114 - __main__ - INFO - 视频处理FPS: 28.51
2025-11-27 17:55:38,451 - __main__ - INFO - 视频处理FPS: 29.71
2025-11-27 17:55:38,751 - __main__ - INFO - 视频处理FPS: 33.26
2025-11-27 17:55:39,089 - __main__ - INFO - 视频处理FPS: 29.59
2025-11-27 17:55:39,423 - __main__ - INFO - 视频处理FPS: 29.95
2025-11-27 17:55:39,739 - __main__ - INFO - 视频处理FPS: 31.69
2025-11-27 17:55:40,078 - __main__ - INFO - 视频处理FPS: 29.44
2025-11-27 17:55:40,414 - __main__ - INFO - 视频处理FPS: 29.75
2025-11-27 17:55:40,747 - __main__ - INFO - 视频处理FPS: 30.05
2025-11-27 17:55:41,088 - __main__ - INFO - 视频处理FPS: 29.37
2025-11-27 17:55:41,416 - __main__ - INFO - 视频处理FPS: 30.44
2025-11-27 17:55:41,744 - __main__ - INFO - 视频处理FPS: 30.54
2025-11-27 17:55:42,080 - __main__ - INFO - 视频处理FPS: 29.75
2025-11-27 17:55:42,415 - __main__ - INFO - 视频处理FPS: 29.85
2025-11-27 17:55:42,751 - __main__ - INFO - 视频处理FPS: 29.71
2025-11-27 17:55:43,090 - __main__ - INFO - 视频处理FPS: 29.52
2025-11-27 17:55:43,421 - __main__ - INFO - 视频处理FPS: 30.17
2025-11-27 17:55:43,742 - __main__ - INFO - 视频处理FPS: 31.15
2025-11-27 17:55:44,078 - __main__ - INFO - 视频处理FPS: 29.79
2025-11-27 17:55:44,415 - __main__ - INFO - 视频处理FPS: 29.67
2025-11-27 17:55:44,746 - __main__ - INFO - 视频处理FPS: 30.23
2025-11-27 17:55:45,085 - __main__ - INFO - 视频处理FPS: 29.46
2025-11-27 17:55:45,423 - __main__ - INFO - 视频处理FPS: 29.64
2025-11-27 17:55:45,744 - __main__ - INFO - 视频处理FPS: 31.14
2025-11-27 17:55:46,079 - __main__ - INFO - 视频处理FPS: 29.87
2025-11-27 17:55:46,411 - __main__ - INFO - 视频处理FPS: 30.05
2025-11-27 17:55:46,751 - __main__ - INFO - 视频处理FPS: 29.45
2025-11-27 17:55:47,086 - __main__ - INFO - 视频处理FPS: 29.86
2025-11-27 17:55:47,425 - __main__ - INFO - 视频处理FPS: 29.53
2025-11-27 17:55:47,742 - __main__ - INFO - 视频处理FPS: 31.46
2025-11-27 17:55:48,078 - __main__ - INFO - 视频处理FPS: 29.81
2025-11-27 17:55:48,417 - __main__ - INFO - 视频处理FPS: 29.50
2025-11-27 17:55:48,746 - __main__ - INFO - 视频处理FPS: 30.36
2025-11-27 17:55:49,088 - __main__ - INFO - 视频处理FPS: 29.24
2025-11-27 17:55:49,418 - __main__ - INFO - 视频处理FPS: 30.37
2025-11-27 17:55:49,746 - __main__ - INFO - 视频处理FPS: 30.41
2025-11-27 17:55:50,079 - __main__ - INFO - 视频处理FPS: 30.08
2025-11-27 17:55:50,415 - __main__ - INFO - 视频处理FPS: 29.73
2025-11-27 17:55:50,751 - __main__ - INFO - 视频处理FPS: 29.75
2025-11-27 17:55:51,086 - __main__ - INFO - 视频处理FPS: 29.86
2025-11-27 17:55:51,418 - __main__ - INFO - 视频处理FPS: 30.12
2025-11-27 17:55:51,743 - __main__ - INFO - 视频处理FPS: 30.80
2025-11-27 17:55:52,076 - __main__ - INFO - 视频处理FPS: 30.00
2025-11-27 17:55:52,414 - __main__ - INFO - 视频处理FPS: 29.64
2025-11-27 17:55:52,757 - __main__ - INFO - 视频处理FPS: 29.15
2025-11-27 17:55:53,089 - __main__ - INFO - 视频处理FPS: 30.06
2025-11-27 17:55:53,427 - __main__ - INFO - 视频处理FPS: 29.64
2025-11-27 17:55:53,742 - __main__ - INFO - 视频处理FPS: 31.71
2025-11-27 17:55:54,079 - __main__ - INFO - 视频处理FPS: 29.66
2025-11-27 17:55:54,431 - __main__ - INFO - 视频处理FPS: 28.43
2025-11-27 17:55:54,766 - __main__ - INFO - 视频处理FPS: 29.89
2025-11-27 17:55:55,101 - __main__ - INFO - 视频处理FPS: 29.82
2025-11-27 17:55:55,400 - __main__ - INFO - 视频处理FPS: 33.50
2025-11-27 17:55:55,742 - __main__ - INFO - 视频处理FPS: 29.16
2025-11-27 17:55:56,080 - __main__ - INFO - 视频处理FPS: 29.65
2025-11-27 17:55:56,414 - __main__ - INFO - 视频处理FPS: 29.91
2025-11-27 17:55:56,753 - __main__ - INFO - 视频处理FPS: 29.49
2025-11-27 17:55:57,065 - __main__ - INFO - 视频处理FPS: 32.04
2025-11-27 17:55:57,407 - __main__ - INFO - 视频处理FPS: 29.30
2025-11-27 17:55:57,743 - __main__ - INFO - 视频处理FPS: 29.74
2025-11-27 17:55:58,080 - __main__ - INFO - 视频处理FPS: 29.69
2025-11-27 17:55:58,416 - __main__ - INFO - 视频处理FPS: 29.76
2025-11-27 17:55:58,751 - __main__ - INFO - 视频处理FPS: 29.82
2025-11-27 17:55:59,071 - __main__ - INFO - 视频处理FPS: 31.29
2025-11-27 17:55:59,408 - __main__ - INFO - 视频处理FPS: 29.65
2025-11-27 17:55:59,744 - __main__ - INFO - 视频处理FPS: 29.70
2025-11-27 17:56:00,084 - __main__ - INFO - 视频处理FPS: 29.49
2025-11-27 17:56:00,415 - __main__ - INFO - 视频处理FPS: 30.17
2025-11-27 17:56:00,751 - __main__ - INFO - 视频处理FPS: 29.77
2025-11-27 17:56:01,071 - __main__ - INFO - 视频处理FPS: 31.22
2025-11-27 17:56:01,407 - __main__ - INFO - 视频处理FPS: 29.77
2025-11-27 17:56:01,743 - __main__ - INFO - 视频处理FPS: 29.76
2025-11-27 17:56:02,078 - __main__ - INFO - 视频处理FPS: 29.88
2025-11-27 17:56:02,422 - __main__ - INFO - 视频处理FPS: 29.07
2025-11-27 17:56:02,750 - __main__ - INFO - 视频处理FPS: 30.50
2025-11-27 17:56:03,070 - __main__ - INFO - 视频处理FPS: 31.27
2025-11-27 17:56:03,408 - __main__ - INFO - 视频处理FPS: 29.55
2025-11-27 17:56:03,744 - __main__ - INFO - 视频处理FPS: 29.76
2025-11-27 17:56:04,080 - __main__ - INFO - 视频处理FPS: 29.78
2025-11-27 17:56:04,419 - __main__ - INFO - 视频处理FPS: 29.52
2025-11-27 17:56:04,750 - __main__ - INFO - 视频处理FPS: 30.19
2025-11-27 17:56:05,087 - __main__ - INFO - 视频处理FPS: 29.63
2025-11-27 17:56:05,406 - __main__ - INFO - 视频处理FPS: 31.38
2025-11-27 17:56:05,743 - __main__ - INFO - 视频处理FPS: 29.71
2025-11-27 17:56:06,078 - __main__ - INFO - 视频处理FPS: 29.85
2025-11-27 17:56:06,211 - __main__ - INFO - 黄色小球(危险球)阈值配置已保存到: d:\Rescue_Rebot\rescue_vision\config\hsv_thresholds_yellow.json
2025-11-27 17:56:06,414 - __main__ - INFO - 视频处理FPS: 29.71
2025-11-27 17:56:06,750 - __main__ - INFO - 视频处理FPS: 29.76
2025-11-27 17:56:07,087 - __main__ - INFO - 视频处理FPS: 29.66
2025-11-27 17:56:07,408 - __main__ - INFO - 视频处理FPS: 31.17
2025-11-27 17:56:07,743 - __main__ - INFO - 视频处理FPS: 29.90
2025-11-27 17:56:08,078 - __main__ - INFO - 视频处理FPS: 29.86
2025-11-27 17:56:08,414 - __main__ - INFO - 视频处理FPS: 29.69
2025-11-27 17:56:08,751 - __main__ - INFO - 视频处理FPS: 29.75
2025-11-27 17:56:09,086 - __main__ - INFO - 视频处理FPS: 29.82
2025-11-27 17:56:09,408 - __main__ - INFO - 视频处理FPS: 31.09
2025-11-27 17:56:09,743 - __main__ - INFO - 视频处理FPS: 29.80
2025-11-27 17:56:10,080 - __main__ - INFO - 视频处理FPS: 29.73
2025-11-27 17:56:10,414 - __main__ - INFO - 视频处理FPS: 29.87
2025-11-27 17:56:10,749 - __main__ - INFO - 视频处理FPS: 29.91
2025-11-27 17:56:11,009 - __main__ - INFO - 用户退出程序
2025-11-27 17:56:11,424 - __main__ - INFO - 黄色小球(危险球)阈值调整工具已成功关闭
2025-11-27 23:51:16,145 - root - INFO - 日志系统初始化完成，日志文件路径: d:\Rescue_Rebot\rescue_vision\src\logs\rescue_vision_20251127.log
2025-11-27 23:51:16,146 - root - INFO - 日志级别: INFO
2025-11-27 23:51:16,148 - root - INFO - 日志系统初始化完成，日志文件路径: d:\Rescue_Rebot\rescue_vision\src\logs\rescue_vision_20251127.log
2025-11-27 23:51:16,148 - root - INFO - 日志级别: INFO
2025-11-27 23:51:16,660 - __main__ - ERROR - 无法打开摄像头
2025-11-27 23:51:35,473 - root - INFO - 日志系统初始化完成，日志文件路径: d:\Rescue_Rebot\rescue_vision\src\logs\rescue_vision_20251127.log
2025-11-27 23:51:35,474 - root - INFO - 日志级别: INFO
2025-11-27 23:51:35,478 - root - INFO - 日志系统初始化完成，日志文件路径: d:\Rescue_Rebot\rescue_vision\src\logs\rescue_vision_20251127.log
2025-11-27 23:51:35,478 - root - INFO - 日志级别: INFO
2025-11-27 23:51:35,931 - __main__ - ERROR - 无法打开摄像头
2025-11-27 23:51:52,951 - root - INFO - 日志系统初始化完成，日志文件路径: d:\Rescue_Rebot\rescue_vision\src\logs\rescue_vision_20251127.log
2025-11-27 23:51:52,952 - root - INFO - 日志级别: INFO
2025-11-27 23:51:52,954 - root - INFO - 日志系统初始化完成，日志文件路径: d:\Rescue_Rebot\rescue_vision\src\logs\rescue_vision_20251127.log
2025-11-27 23:51:52,955 - root - INFO - 日志级别: INFO
2025-11-27 23:51:54,185 - __main__ - INFO - 成功打开摄像头，分辨率: 640x480
2025-11-27 23:51:54,186 - __main__ - INFO - 开始调整黑色小球(核心球)阈值
2025-11-27 23:51:54,473 - __main__ - INFO - 未找到黑色小球(核心球)保存的阈值配置，使用默认值
2025-11-27 23:51:55,691 - __main__ - INFO - 视频处理FPS: 8.22
2025-11-27 23:51:56,030 - __main__ - INFO - 视频处理FPS: 29.51
2025-11-27 23:51:56,347 - __main__ - INFO - 视频处理FPS: 31.51
2025-11-27 23:51:56,681 - __main__ - INFO - 视频处理FPS: 29.97
2025-11-27 23:51:57,016 - __main__ - INFO - 视频处理FPS: 29.82
2025-11-27 23:51:57,370 - __main__ - INFO - 视频处理FPS: 28.25
2025-11-27 23:51:57,709 - __main__ - INFO - 视频处理FPS: 29.57
2025-11-27 23:51:58,027 - __main__ - INFO - 视频处理FPS: 31.44
2025-11-27 23:51:58,363 - __main__ - INFO - 视频处理FPS: 29.76
2025-11-27 23:51:58,695 - __main__ - INFO - 视频处理FPS: 30.13
2025-11-27 23:51:59,029 - __main__ - INFO - 视频处理FPS: 29.88
2025-11-27 23:51:59,367 - __main__ - INFO - 视频处理FPS: 29.64
2025-11-27 23:51:59,703 - __main__ - INFO - 视频处理FPS: 29.86
2025-11-27 23:52:00,026 - __main__ - INFO - 视频处理FPS: 30.79
2025-11-27 23:52:00,365 - __main__ - INFO - 视频处理FPS: 29.54
2025-11-27 23:52:02,222 - __main__ - INFO - 视频处理FPS: 5.39
2025-11-27 23:52:02,554 - __main__ - INFO - 视频处理FPS: 30.09
2025-11-27 23:52:02,893 - __main__ - INFO - 视频处理FPS: 29.47
2025-11-27 23:52:03,210 - __main__ - INFO - 视频处理FPS: 31.54
2025-11-27 23:52:03,546 - __main__ - INFO - 视频处理FPS: 29.79
2025-11-27 23:52:03,883 - __main__ - INFO - 视频处理FPS: 29.64
2025-11-27 23:52:04,226 - __main__ - INFO - 视频处理FPS: 29.16
2025-11-27 23:52:04,554 - __main__ - INFO - 视频处理FPS: 30.51
2025-11-27 23:52:04,890 - __main__ - INFO - 视频处理FPS: 29.76
2025-11-27 23:52:05,208 - __main__ - INFO - 视频处理FPS: 31.41
2025-11-27 23:52:05,551 - __main__ - INFO - 视频处理FPS: 29.23
2025-11-27 23:52:05,892 - __main__ - INFO - 视频处理FPS: 29.27
2025-11-27 23:52:06,223 - __main__ - INFO - 视频处理FPS: 30.22
2025-11-27 23:52:06,562 - __main__ - INFO - 视频处理FPS: 29.52
2025-11-27 23:52:06,890 - __main__ - INFO - 视频处理FPS: 30.45
2025-11-27 23:52:07,209 - __main__ - INFO - 视频处理FPS: 31.34
2025-11-27 23:52:07,546 - __main__ - INFO - 视频处理FPS: 29.68
2025-11-27 23:52:07,883 - __main__ - INFO - 视频处理FPS: 29.72
2025-11-27 23:52:08,185 - __main__ - INFO - 视频处理FPS: 33.13
2025-11-27 23:52:08,522 - __main__ - INFO - 视频处理FPS: 29.60
2025-11-27 23:52:08,843 - __main__ - INFO - 视频处理FPS: 31.16
2025-11-27 23:52:09,174 - __main__ - INFO - 视频处理FPS: 30.23
2025-11-27 23:52:09,529 - __main__ - INFO - 视频处理FPS: 28.21
2025-11-27 23:52:09,849 - __main__ - INFO - 视频处理FPS: 31.26
2025-11-27 23:52:10,170 - __main__ - INFO - 视频处理FPS: 31.11
2025-11-27 23:52:10,504 - __main__ - INFO - 视频处理FPS: 29.98
2025-11-27 23:52:10,839 - __main__ - INFO - 视频处理FPS: 29.78
2025-11-27 23:52:11,180 - __main__ - INFO - 视频处理FPS: 29.37
2025-11-27 23:52:11,529 - __main__ - INFO - 视频处理FPS: 28.63
2025-11-27 23:52:11,866 - __main__ - INFO - 视频处理FPS: 29.66
2025-11-27 23:52:12,172 - __main__ - INFO - 视频处理FPS: 32.70
2025-11-27 23:52:12,507 - __main__ - INFO - 视频处理FPS: 29.88
2025-11-27 23:52:12,838 - __main__ - INFO - 视频处理FPS: 30.15
2025-11-27 23:52:13,194 - __main__ - INFO - 视频处理FPS: 28.09
2025-11-27 23:52:13,530 - __main__ - INFO - 视频处理FPS: 29.81
2025-11-27 23:52:13,865 - __main__ - INFO - 视频处理FPS: 29.81
2025-11-27 23:52:14,168 - __main__ - INFO - 视频处理FPS: 33.00
2025-11-27 23:52:14,523 - __main__ - INFO - 视频处理FPS: 28.16
2025-11-27 23:52:14,868 - __main__ - INFO - 视频处理FPS: 29.05
2025-11-27 23:52:15,192 - __main__ - INFO - 视频处理FPS: 30.83
2025-11-27 23:52:15,530 - __main__ - INFO - 视频处理FPS: 29.59
2025-11-27 23:52:15,865 - __main__ - INFO - 视频处理FPS: 29.88
2025-11-27 23:52:16,183 - __main__ - INFO - 视频处理FPS: 31.42
2025-11-27 23:52:16,521 - __main__ - INFO - 视频处理FPS: 29.63
2025-11-27 23:52:16,856 - __main__ - INFO - 视频处理FPS: 29.82
2025-11-27 23:52:17,193 - __main__ - INFO - 视频处理FPS: 29.69
2025-11-27 23:52:17,510 - __main__ - INFO - 视频处理FPS: 31.50
2025-11-27 23:52:17,850 - __main__ - INFO - 视频处理FPS: 29.44
2025-11-27 23:52:18,190 - __main__ - INFO - 视频处理FPS: 29.43
2025-11-27 23:52:18,523 - __main__ - INFO - 视频处理FPS: 30.02
2025-11-27 23:52:18,871 - __main__ - INFO - 视频处理FPS: 28.75
2025-11-27 23:52:19,187 - __main__ - INFO - 视频处理FPS: 31.60
2025-11-27 23:52:19,548 - __main__ - INFO - 视频处理FPS: 27.71
2025-11-27 23:52:19,885 - __main__ - INFO - 视频处理FPS: 29.72
2025-11-27 23:52:20,219 - __main__ - INFO - 视频处理FPS: 29.90
2025-11-27 23:52:20,558 - __main__ - INFO - 视频处理FPS: 29.48
2025-11-27 23:52:20,889 - __main__ - INFO - 视频处理FPS: 30.21
2025-11-27 23:52:21,212 - __main__ - INFO - 视频处理FPS: 30.96
2025-11-27 23:52:21,546 - __main__ - INFO - 视频处理FPS: 29.97
2025-11-27 23:52:21,881 - __main__ - INFO - 视频处理FPS: 29.84
2025-11-27 23:52:22,215 - __main__ - INFO - 视频处理FPS: 29.92
2025-11-27 23:52:22,554 - __main__ - INFO - 视频处理FPS: 29.55
2025-11-27 23:52:22,890 - __main__ - INFO - 视频处理FPS: 29.73
2025-11-27 23:52:23,210 - __main__ - INFO - 视频处理FPS: 31.25
2025-11-27 23:52:23,547 - __main__ - INFO - 视频处理FPS: 29.70
2025-11-27 23:52:23,896 - __main__ - INFO - 视频处理FPS: 28.62
2025-11-27 23:52:24,186 - __main__ - INFO - 视频处理FPS: 34.53
2025-11-27 23:52:24,539 - __main__ - INFO - 视频处理FPS: 28.34
2025-11-27 23:52:24,883 - __main__ - INFO - 视频处理FPS: 29.12
2025-11-27 23:52:25,211 - __main__ - INFO - 视频处理FPS: 30.43
2025-11-27 23:52:25,548 - __main__ - INFO - 视频处理FPS: 29.68
2025-11-27 23:52:25,882 - __main__ - INFO - 视频处理FPS: 29.89
2025-11-27 23:52:26,216 - __main__ - INFO - 视频处理FPS: 29.91
2025-11-27 23:52:26,536 - __main__ - INFO - 视频处理FPS: 31.25
2025-11-27 23:52:26,873 - __main__ - INFO - 视频处理FPS: 29.71
2025-11-27 23:52:27,211 - __main__ - INFO - 视频处理FPS: 29.69
2025-11-27 23:52:27,545 - __main__ - INFO - 视频处理FPS: 29.80
2025-11-27 23:52:27,880 - __main__ - INFO - 视频处理FPS: 29.84
2025-11-27 23:52:28,219 - __main__ - INFO - 视频处理FPS: 29.50
2025-11-27 23:52:28,540 - __main__ - INFO - 视频处理FPS: 31.21
2025-11-27 23:52:28,873 - __main__ - INFO - 视频处理FPS: 29.96
2025-11-27 23:52:29,210 - __main__ - INFO - 视频处理FPS: 29.71
2025-11-27 23:52:29,546 - __main__ - INFO - 视频处理FPS: 29.80
2025-11-27 23:52:29,884 - __main__ - INFO - 视频处理FPS: 29.56
2025-11-27 23:52:30,217 - __main__ - INFO - 视频处理FPS: 30.04
2025-11-27 23:52:30,539 - __main__ - INFO - 视频处理FPS: 31.07
2025-11-27 23:52:30,874 - __main__ - INFO - 视频处理FPS: 29.81
2025-11-27 23:52:31,210 - __main__ - INFO - 视频处理FPS: 29.77
2025-11-27 23:52:31,546 - __main__ - INFO - 视频处理FPS: 29.73
2025-11-27 23:52:31,883 - __main__ - INFO - 视频处理FPS: 29.69
2025-11-27 23:52:32,215 - __main__ - INFO - 视频处理FPS: 30.17
2025-11-27 23:52:32,535 - __main__ - INFO - 视频处理FPS: 31.18
2025-11-27 23:52:32,876 - __main__ - INFO - 视频处理FPS: 29.39
2025-11-27 23:52:33,209 - __main__ - INFO - 视频处理FPS: 29.95
2025-11-27 23:52:33,545 - __main__ - INFO - 视频处理FPS: 29.79
2025-11-27 23:52:33,879 - __main__ - INFO - 视频处理FPS: 29.93
2025-11-27 23:52:34,218 - __main__ - INFO - 视频处理FPS: 29.64
2025-11-27 23:52:34,536 - __main__ - INFO - 视频处理FPS: 31.32
2025-11-27 23:52:34,872 - __main__ - INFO - 视频处理FPS: 29.74
2025-11-27 23:52:35,209 - __main__ - INFO - 视频处理FPS: 29.69
2025-11-27 23:52:35,543 - __main__ - INFO - 视频处理FPS: 29.94
2025-11-27 23:52:35,882 - __main__ - INFO - 视频处理FPS: 29.47
2025-11-27 23:52:36,216 - __main__ - INFO - 视频处理FPS: 29.96
2025-11-27 23:52:36,563 - __main__ - INFO - 视频处理FPS: 28.84
2025-11-27 23:52:36,876 - __main__ - INFO - 视频处理FPS: 31.92
2025-11-27 23:52:37,208 - __main__ - INFO - 视频处理FPS: 30.13
2025-11-27 23:52:37,546 - __main__ - INFO - 视频处理FPS: 29.59
2025-11-27 23:52:37,882 - __main__ - INFO - 视频处理FPS: 29.78
2025-11-27 23:52:38,217 - __main__ - INFO - 视频处理FPS: 29.84
2025-11-27 23:52:38,553 - __main__ - INFO - 视频处理FPS: 29.76
2025-11-27 23:52:38,871 - __main__ - INFO - 视频处理FPS: 31.45
2025-11-27 23:52:39,211 - __main__ - INFO - 视频处理FPS: 29.39
2025-11-27 23:52:39,545 - __main__ - INFO - 视频处理FPS: 29.91
2025-11-27 23:52:39,883 - __main__ - INFO - 视频处理FPS: 29.64
2025-11-27 23:52:40,214 - __main__ - INFO - 视频处理FPS: 30.17
2025-11-27 23:52:40,554 - __main__ - INFO - 视频处理FPS: 29.39
2025-11-27 23:52:40,873 - __main__ - INFO - 视频处理FPS: 31.39
2025-11-27 23:52:41,209 - __main__ - INFO - 视频处理FPS: 29.73
2025-11-27 23:52:41,552 - __main__ - INFO - 视频处理FPS: 29.19
2025-11-27 23:52:41,882 - __main__ - INFO - 视频处理FPS: 30.29
2025-11-27 23:52:42,217 - __main__ - INFO - 视频处理FPS: 29.83
2025-11-27 23:52:42,555 - __main__ - INFO - 视频处理FPS: 29.62
2025-11-27 23:52:42,875 - __main__ - INFO - 视频处理FPS: 31.27
2025-11-27 23:52:43,211 - __main__ - INFO - 视频处理FPS: 29.73
2025-11-27 23:52:43,546 - __main__ - INFO - 视频处理FPS: 29.84
2025-11-27 23:52:43,880 - __main__ - INFO - 视频处理FPS: 29.94
2025-11-27 23:52:44,212 - __main__ - INFO - 视频处理FPS: 30.17
2025-11-27 23:52:44,563 - __main__ - INFO - 视频处理FPS: 28.43
2025-11-27 23:52:44,861 - __main__ - INFO - 视频处理FPS: 33.63
2025-11-27 23:52:45,216 - __main__ - INFO - 视频处理FPS: 28.16
2025-11-27 23:52:45,561 - __main__ - INFO - 视频处理FPS: 28.96
2025-11-27 23:52:45,894 - __main__ - INFO - 视频处理FPS: 30.03
2025-11-27 23:52:46,204 - __main__ - INFO - 视频处理FPS: 32.27
2025-11-27 23:52:46,538 - __main__ - INFO - 视频处理FPS: 29.93
2025-11-27 23:52:46,877 - __main__ - INFO - 视频处理FPS: 29.47
2025-11-27 23:52:47,208 - __main__ - INFO - 视频处理FPS: 30.27
2025-11-27 23:52:47,551 - __main__ - INFO - 视频处理FPS: 29.17
2025-11-27 23:52:47,882 - __main__ - INFO - 视频处理FPS: 30.15
2025-11-27 23:52:48,206 - __main__ - INFO - 视频处理FPS: 30.89
2025-11-27 23:52:48,542 - __main__ - INFO - 视频处理FPS: 29.77
2025-11-27 23:52:48,873 - __main__ - INFO - 视频处理FPS: 30.23
2025-11-27 23:52:49,210 - __main__ - INFO - 视频处理FPS: 29.63
2025-11-27 23:52:49,547 - __main__ - INFO - 视频处理FPS: 29.66
2025-11-27 23:52:49,881 - __main__ - INFO - 视频处理FPS: 29.95
2025-11-27 23:52:50,206 - __main__ - INFO - 视频处理FPS: 30.83
2025-11-27 23:52:50,536 - __main__ - INFO - 视频处理FPS: 30.29
2025-11-27 23:52:50,874 - __main__ - INFO - 视频处理FPS: 29.59
2025-11-27 23:52:51,212 - __main__ - INFO - 视频处理FPS: 29.56
2025-11-27 23:52:51,546 - __main__ - INFO - 视频处理FPS: 29.97
2025-11-27 23:52:51,880 - __main__ - INFO - 视频处理FPS: 29.89
2025-11-27 23:52:52,204 - __main__ - INFO - 视频处理FPS: 30.86
2025-11-27 23:52:52,537 - __main__ - INFO - 视频处理FPS: 30.02
2025-11-27 23:52:52,872 - __main__ - INFO - 视频处理FPS: 29.84
2025-11-27 23:52:53,209 - __main__ - INFO - 视频处理FPS: 29.74
2025-11-27 23:52:53,545 - __main__ - INFO - 视频处理FPS: 29.72
2025-11-27 23:52:53,882 - __main__ - INFO - 视频处理FPS: 29.70
2025-11-27 23:52:54,201 - __main__ - INFO - 视频处理FPS: 31.29
2025-11-27 23:52:54,538 - __main__ - INFO - 视频处理FPS: 29.71
2025-11-27 23:52:54,872 - __main__ - INFO - 视频处理FPS: 30.07
2025-11-27 23:52:55,209 - __main__ - INFO - 视频处理FPS: 29.51
2025-11-27 23:52:55,545 - __main__ - INFO - 视频处理FPS: 29.83
2025-11-27 23:52:55,880 - __main__ - INFO - 视频处理FPS: 29.81
2025-11-27 23:52:56,202 - __main__ - INFO - 视频处理FPS: 31.04
2025-11-27 23:52:56,534 - __main__ - INFO - 视频处理FPS: 30.10
2025-11-27 23:52:56,873 - __main__ - INFO - 视频处理FPS: 29.55
2025-11-27 23:52:57,209 - __main__ - INFO - 视频处理FPS: 29.73
2025-11-27 23:52:57,553 - __main__ - INFO - 视频处理FPS: 29.13
2025-11-27 23:52:57,883 - __main__ - INFO - 视频处理FPS: 30.26
2025-11-27 23:52:58,199 - __main__ - INFO - 视频处理FPS: 31.64
2025-11-27 23:52:58,534 - __main__ - INFO - 视频处理FPS: 29.82
2025-11-27 23:52:58,872 - __main__ - INFO - 视频处理FPS: 29.58
2025-11-27 23:52:59,225 - __main__ - INFO - 视频处理FPS: 28.37
2025-11-27 23:52:59,574 - __main__ - INFO - 视频处理FPS: 28.63
2025-11-27 23:52:59,863 - __main__ - INFO - 视频处理FPS: 34.66
2025-11-27 23:53:00,219 - __main__ - INFO - 视频处理FPS: 28.10
2025-11-27 23:53:00,536 - __main__ - INFO - 视频处理FPS: 31.47
2025-11-27 23:53:00,872 - __main__ - INFO - 视频处理FPS: 29.83
2025-11-27 23:53:01,208 - __main__ - INFO - 视频处理FPS: 29.74
2025-11-27 23:53:01,537 - __main__ - INFO - 视频处理FPS: 30.38
2025-11-27 23:53:01,878 - __main__ - INFO - 视频处理FPS: 29.29
2025-11-27 23:53:02,199 - __main__ - INFO - 视频处理FPS: 31.21
2025-11-27 23:53:02,535 - __main__ - INFO - 视频处理FPS: 29.72
2025-11-27 23:53:02,872 - __main__ - INFO - 视频处理FPS: 29.73
2025-11-27 23:53:03,226 - __main__ - INFO - 视频处理FPS: 28.20
2025-11-27 23:53:03,539 - __main__ - INFO - 视频处理FPS: 32.01
2025-11-27 23:53:03,741 - __main__ - INFO - 黑色小球(核心球)阈值配置已保存到: d:\Rescue_Rebot\rescue_vision\config\hsv_thresholds_black.json
2025-11-27 23:53:03,756 - __main__ - INFO - 已加载黑色小球(核心球)保存的阈值配置: d:\Rescue_Rebot\rescue_vision\config\hsv_thresholds_black.json
2025-11-27 23:53:03,871 - __main__ - INFO - 视频处理FPS: 30.08
2025-11-27 23:53:04,202 - __main__ - INFO - 视频处理FPS: 30.20
2025-11-27 23:53:04,538 - __main__ - INFO - 视频处理FPS: 29.82
2025-11-27 23:53:04,871 - __main__ - INFO - 视频处理FPS: 29.98
2025-11-27 23:53:05,223 - __main__ - INFO - 视频处理FPS: 28.38
2025-11-27 23:53:05,561 - __main__ - INFO - 用户退出程序
2025-11-27 23:53:06,105 - __main__ - INFO - 黑色小球(核心球)阈值调整工具已成功关闭
